Sencha Cmd 7.0.0.40 - Crash report
================================================
An error occurred while executing the following command: app watch --web-server false development

Diagnostic information:
=======================
                         app.archivePath : archive/${build.id}                               
                      app.bootstrap.base : D:\projects\python\extjs\text-manipulation-app/generatedFiles
                       app.bootstrap.css : bootstrap.css                                     
                  app.bootstrap.manifest : ${build.id}.json                                  
               app.bootstrap.microloader : bootstrap.js                                      
   app.builds.desktop.sass.generated.src : ${build.id}/sass/save                             
   app.builds.desktop.sass.generated.var : ${build.id}/sass/save.scss                        
                app.builds.desktop.theme : theme-material                                    
              app.builds.desktop.toolkit : modern                                            
     app.builds.phone.sass.generated.src : ${build.id}/sass/save                             
     app.builds.phone.sass.generated.var : ${build.id}/sass/save.scss                        
                  app.builds.phone.theme : theme-material                                    
                app.builds.phone.toolkit : modern                                            
                        app.cache.deltas : ${build.id}/deltas                                
                        app.cache.enable : false                                             
                           app.classpath : app/shared/src,app/${build.id}/src                
                         app.classpath.0 : app/shared/src                                    
                         app.classpath.1 : app/${build.id}/src                               
                    app.classpath.length : 2                                                 
                          app.compressor : null                                              
                          app.config.dir : D:\projects\python\extjs\text-manipulation-app\node_modules\@sencha\cmd\dist\ant\build\app
                app.cordova.cache.enable : false                                             
                   app.cordova.config.id : com.domain.TextManipulationApp                    
                 app.cordova.config.name : TextManipulationApp                               
                 app.cordova.config.path : D:\projects\python\extjs\text-manipulation-app/cordova
               app.cordova.config.target :                                                   
              app.cordova.config.verbose : false                                             
                   app.cordova.js.0.path : cordova.js                                        
               app.cordova.js.0.priority : 1000                                              
                 app.cordova.js.0.remote : true                                              
                   app.cordova.js.length : 1                                                 
                 app.cordova.microloader : D:\projects\python\extjs\text-manipulation-app\node_modules\@sencha\cmd\dist\ant\build\app/Microloader.js
      app.cordova.output.appCache.enable : false                                             
                 app.cordova.output.base : D:\projects\python\extjs\text-manipulation-app/cordova/www
             app.cordova.output.manifest : ${build.id}.json                                  
                 app.cordova.output.page : index.html                                        
             app.development.watch.delay : 250                                               
                                 app.dir : D:\projects\python\extjs\text-manipulation-app    
              app.fashion.inliner.enable : false                                             
           app.fashion.missingParameters : error                                             
                           app.framework : ext                                               
                                  app.id : f9ff373f-df50-4de5-84c1-851897477cec              
                       app.indexHtmlPath : index.html                                        
                        app.loader.cache : false                                             
                   app.loader.cacheParam : _dc                                               
                                app.name : TextManipulationApp                               
                           app.namespace : TextManipulationApp                               
              app.output.appCache.enable : false                                             
                         app.output.base : D:\projects\python\extjs\text-manipulation-app/build/${build.environment}/TextManipulationApp
                           app.output.js : generatedFiles/${build.id}/app.js                 
                     app.output.manifest : generatedFiles/${build.id}.json                   
           app.output.microloader.enable : true                                              
                         app.output.page : index.html                                        
               app.output.resources.path : ${build.id}/resources                             
             app.output.resources.shared : resources                                         
                           app.overrides : app/shared/overrides,app/${build.id}/overrides    
                         app.overrides.0 : app/shared/overrides                              
                         app.overrides.1 : app/${build.id}/overrides                         
                    app.overrides.length : 2                                                 
               app.phonegap.cache.enable : false                                             
                  app.phonegap.config.id : com.domain.TextManipulationApp                    
                app.phonegap.config.name : TextManipulationApp                               
                app.phonegap.config.path : D:\projects\python\extjs\text-manipulation-app/phonegap
              app.phonegap.config.remote : false                                             
             app.phonegap.config.verbose : false                                             
                  app.phonegap.js.0.path : cordova.js                                        
              app.phonegap.js.0.priority : 1000                                              
                app.phonegap.js.0.remote : true                                              
                  app.phonegap.js.length : 1                                                 
                app.phonegap.microloader : D:\projects\python\extjs\text-manipulation-app\node_modules\@sencha\cmd\dist\ant\build\app/Microloader.js
     app.phonegap.output.appCache.enable : false                                             
                app.phonegap.output.base : D:\projects\python\extjs\text-manipulation-app/phonegap/www
            app.phonegap.output.manifest : ${build.id}.json                                  
                app.phonegap.output.page : index.html                                        
             app.production.cache.enable : true                                              
          app.production.compressor.type : yui                                               
             app.production.loader.cache : ${build.timestamp}                                
   app.production.output.appCache.enable : true                                              
     app.production.output.appCache.path : cache.appcache                                    
                        app.sass.dynamic : true                                              
                            app.sass.etc : sass/etc/all.scss                                 
                          app.sass.etc.0 : sass/etc/all.scss                                 
                     app.sass.etc.length : 1                                                 
                        app.sass.fashion : true                                              
                      app.sass.namespace : TextManipulationApp                               
                            app.sass.src : app/shared/src/sass/src.scss,app/${build.id}/sass/src.scss
                          app.sass.src.0 : app/shared/src/sass/src.scss                      
                          app.sass.src.1 : app/${build.id}/sass/src.scss                     
                     app.sass.src.length : 2                                                 
                            app.sass.var : app/shared/sass/var.scss,app/${build.id}/sass/var.scss
                          app.sass.var.0 : app/shared/sass/var.scss                          
                          app.sass.var.1 : app/${build.id}/sass/var.scss                     
                     app.sass.var.length : 2                                                 
                 app.slicer.cache.enable : false                                             
        app.slicer.js.0.isWidgetManifest : true                                              
                    app.slicer.js.0.path : D:\projects\python\extjs\text-manipulation-app/sass/example/custom.js
                    app.slicer.js.length : 1                                                 
       app.slicer.output.appCache.enable : false                                             
                            app.template : universalmodern                                   
                             app.version : 1.0.0.0                                           
                    buildenvironment.dir : D:\projects\python\extjs\text-manipulation-app    
               buildenvironment.load.dir : D:\projects\python\extjs\text-manipulation-app    
                          cmd.config.dir : D:\projects\python\extjs\text-manipulation-app\node_modules\@sencha\cmd\dist
                                 cmd.dir : D:\projects\python\extjs\text-manipulation-app\node_modules\@sencha\cmd\dist
                    cmd.framework.minver : 5.5.0                                             
                   cmd.framework.version : 99.99                                             
              cmd.merge.tool.args.araxis : -wait -merge -3 -a1 {base} {user} {generated} {out}
              cmd.merge.tool.args.kdiff3 : {base} {user} {generated} -o {out}                
             cmd.merge.tool.args.p4merge : {base} {user} {generated} {out}                   
           cmd.merge.tool.args.smartsync : {user} {generated} {base}                         
          cmd.merge.tool.args.sourcegear : --merge --result={out} {user} {base} {generated}  
            cmd.merge.tool.args.tortoise : -base:{base} -theirs:{generated} -mine:{user} -merged:{out}
                              cmd.minver : 3.0.0.0                                           
                            cmd.platform : windows                                           
                     cmd.unicode.escapes : D:\projects\python\extjs\text-manipulation-app\node_modules\@sencha\cmd\dist/unicode-escapes.json
                             cmd.version : 7.0.0.40                                          
                            cmd.web.port : 1841                                              
                     config.skipDownload : true                                              
                      config.skipInherit : false                                             
                        ext.license.name : gpl                                               
                     framework.classpath : ${package.dir}/src                                
                    framework.cmd.minver : 6.7.0                                             
                   framework.cmd.version : 7.0.0                                             
                 framework.compatVersion : 7.0.0                                             
                    framework.config.dir : D:\projects\python\extjs\text-manipulation-app\node_modules\@sencha\cmd\dist\plugins\ext\current
                       framework.creator : Sencha                                            
           framework.detailedDescription : Sencha Ext JS JavaScript Framework                
                           framework.dir : D:\projects\python\extjs\text-manipulation-app\node_modules\@sencha\ext
                       framework.extTier : pro                                               
                        framework.format : 1                                                 
                          framework.isV5 : true                                              
                          framework.isV6 : true                                              
                         framework.isV62 : true                                              
                         framework.isV65 : true                                              
     framework.language.js.input.version : ES5                                               
                         framework.local : true                                              
                          framework.name : ext                                               
                     framework.namespace : Ext                                               
                        framework.output : ${package.dir}/build                              
                     framework.overrides : ${package.dir}/overrides                          
                  framework.packages.dir : D:\projects\python\extjs\text-manipulation-app\node_modules\@sencha\ext/../ext-${toolkit.name}*,D:\projects\python\extjs\text-manipulation-app\node_modules\@sencha\ext/../ext-core,D:\projects\python\extjs\text-manipulation-app\node_modules\@sencha\ext/../ext-font-awesome,D:\projects\python\extjs\text-manipulation-app\node_modules\@sencha\ext/../ext-font-ext
                framework.resource.paths : resources                                         
              framework.resource.paths.0 : resources                                         
         framework.resource.paths.length : 1                                                 
                      framework.sass.etc : ${package.dir}/sass/etc/all.scss                  
                  framework.sass.fashion : true                                              
                framework.sass.namespace : Ext                                               
                      framework.sass.src : ${package.dir}/sass/src                           
                      framework.sass.var : ${package.dir}/sass/var                           
                       framework.summary : Ext JS                                            
                          framework.type : framework                                         
                       framework.version : 7.0.0                                             
                       inspector.address : http://localhost:1839/                            
                            minimal.mode : true                                              
                    package.sass.dynamic : true                                              
                          repo.local.dir : D:\projects\python\extjs\text-manipulation-app\node_modules\@sencha\cmd\repo
                       shared.sencha.dir : true                                              
        system.java.net.useSystemProxies : true                                              
                          workspace.apps :                                                   
                   workspace.apps.length : 0                                                 
                     workspace.build.dir : D:\projects\python\extjs\text-manipulation-app/build
                    workspace.config.dir : D:\projects\python\extjs\text-manipulation-app\node_modules\@sencha\cmd\dist\ant\build\workspace
                           workspace.dir : D:\projects\python\extjs\text-manipulation-app    
           workspace.frameworks.ext.path : D:\projects\python\extjs\text-manipulation-app\node_modules\@sencha\ext
                  workspace.packages.dir : D:\projects\python\extjs\text-manipulation-app/packages/local,D:\projects\python\extjs\text-manipulation-app/packages,D:\projects\python\extjs\text-manipulation-app/node_modules/@sencha/ext-${toolkit.name},D:\projects\python\extjs\text-manipulation-app/node_modules/@sencha/ext-${toolkit.name}-treegrid,D:\projects\python\extjs\text-manipulation-app/node_modules/@sencha/ext-${toolkit.name}-theme-base,D:\projects\python\extjs\text-manipulation-app/node_modules/@sencha/ext-${toolkit.name}-theme-ios,D:\projects\python\extjs\text-manipulation-app/node_modules/@sencha/ext-${toolkit.name}-theme-material,D:\projects\python\extjs\text-manipulation-app/node_modules/@sencha/ext-${toolkit.name}-theme-aria,D:\projects\python\extjs\text-manipulation-app/node_modules/@sencha/ext-${toolkit.name}-theme-neutral,D:\projects\python\extjs\text-manipulation-app/node_modules/@sencha/ext-${toolkit.name}-theme-classic,D:\projects\python\extjs\text-manipulation-app/node_modules/@sencha/ext-${toolkit.name}-theme-gray,D:\projects\python\extjs\text-manipulation-app/node_modules/@sencha/ext-${toolkit.name}-theme-crisp,D:\projects\python\extjs\text-manipulation-app/node_modules/@sencha/ext-${toolkit.name}-theme-crisp-touch,D:\projects\python\extjs\text-manipulation-app/node_modules/@sencha/ext-${toolkit.name}-theme-neptune,D:\projects\python\extjs\text-manipulation-app/node_modules/@sencha/ext-${toolkit.name}-theme-neptune-touch,D:\projects\python\extjs\text-manipulation-app/node_modules/@sencha/ext-${toolkit.name}-theme-triton,D:\projects\python\extjs\text-manipulation-app/node_modules/@sencha/ext-${toolkit.name}-theme-graphite,D:\projects\python\extjs\text-manipulation-app/node_modules/@sencha/ext-${toolkit.name}-theme-material,D:\projects\python\extjs\text-manipulation-app/node_modules/@sencha/ext-calendar,D:\projects\python\extjs\text-manipulation-app/node_modules/@sencha/ext-charts,D:\projects\python\extjs\text-manipulation-app/node_modules/@sencha/ext-d3,D:\projects\python\extjs\text-manipulation-app/node_modules/@sencha/ext-exporter,D:\projects\python\extjs\text-manipulation-app/node_modules/@sencha/ext-pivot,D:\projects\python\extjs\text-manipulation-app/node_modules/@sencha/ext-pivot-d3,D:\projects\python\extjs\text-manipulation-app/node_modules/@sencha/ext-ux,D:\projects\python\extjs\text-manipulation-app/node_modules/@sencha/ext-font-ios
              workspace.packages.extract : D:\projects\python\extjs\text-manipulation-app/packages/remote

Exception information:
=======================
D:\projects\python\extjs\text-manipulation-app\node_modules\@sencha\cmd\dist\plugin.xml:378: The following error occurred while executing this line:
D:\projects\python\extjs\text-manipulation-app\build.xml:5: Unable to create javax script engine for javascript
     at com.sencha.ant.AntScript.execute(AntScript.java:121)
     at com.sencha.command.plugin.PluginManager.execute(PluginManager.java:104)
     at com.sencha.command.plugin.PluginManager.executeReverseFirst(PluginManager.java:145)
     at com.sencha.command.environment.BuildEnvironment.execute(BuildEnvironment.java:309)
     at com.sencha.command.environment.AppOrPackageEnvironment.execute(AppOrPackageEnvironment.java:729)
     at com.sencha.command.BasePluginCommands$BasePluginCommand.doExecute(BasePluginCommands.java:125)
     at com.sencha.command.app.AppCommands$BuildCommand.execute(AppCommands.java:470)
     at com.sencha.command.app.AppCommands$WatchCommand.execute(AppCommands.java:909)
     at java.base/jdk.internal.reflect.DirectMethodHandleAccessor.invoke(DirectMethodHandleAccessor.java:104)
     at java.base/java.lang.reflect.Method.invoke(Method.java:577)
     at com.sencha.util.MethodInvoker$Arguments.invoke(MethodInvoker.java:175)
     at com.sencha.cli.Command.dispatch(Command.java:43)
     at com.sencha.command.BasePluginCommands$BasePluginCommand.dispatch(BasePluginCommands.java:289)
     at com.sencha.cli.Commands.dispatch(Commands.java:64)
     at com.sencha.cli.Commands.dispatch(Commands.java:64)
     at com.sencha.command.Sencha.dispatch(Sencha.java:80)
     at com.sencha.command.Sencha.main(Sencha.java:151)
   Caused by: The following error occurred while executing this line:
D:\projects\python\extjs\text-manipulation-app\build.xml:5: Unable to create javax script engine for javascript
     at org.apache.tools.ant.ProjectHelper.addLocationToBuildException(ProjectHelper.java:551)
     at org.apache.tools.ant.taskdefs.Ant.execute(Ant.java:395)
     at org.apache.tools.ant.UnknownElement.execute(UnknownElement.java:291)
     at java.base/jdk.internal.reflect.DirectMethodHandleAccessor.invoke(DirectMethodHandleAccessor.java:104)
     at java.base/java.lang.reflect.Method.invoke(Method.java:577)
     at org.apache.tools.ant.dispatch.DispatchUtils.execute(DispatchUtils.java:106)
     at org.apache.tools.ant.Task.perform(Task.java:348)
     at org.apache.tools.ant.taskdefs.Sequential.execute(Sequential.java:68)
     at net.sf.antcontrib.logic.IfTask.execute(IfTask.java:217)
     at java.base/jdk.internal.reflect.DirectMethodHandleAccessor.invoke(DirectMethodHandleAccessor.java:104)
     at java.base/java.lang.reflect.Method.invoke(Method.java:577)
     at org.apache.tools.ant.dispatch.DispatchUtils.execute(DispatchUtils.java:106)
     at org.apache.tools.ant.TaskAdapter.execute(TaskAdapter.java:154)
     at org.apache.tools.ant.UnknownElement.execute(UnknownElement.java:291)
     at java.base/jdk.internal.reflect.DirectMethodHandleAccessor.invoke(DirectMethodHandleAccessor.java:104)
     at java.base/java.lang.reflect.Method.invoke(Method.java:577)
     at org.apache.tools.ant.dispatch.DispatchUtils.execute(DispatchUtils.java:106)
     at org.apache.tools.ant.Task.perform(Task.java:348)
     at org.apache.tools.ant.Target.execute(Target.java:392)
     at org.apache.tools.ant.Target.performTasks(Target.java:413)
     at org.apache.tools.ant.Project.executeSortedTargets(Project.java:1399)
     at org.apache.tools.ant.Project.executeTarget(Project.java:1368)
     at org.apache.tools.ant.helper.DefaultExecutor.executeTargets(DefaultExecutor.java:41)
     at org.apache.tools.ant.Project.executeTargets(Project.java:1251)
     at com.sencha.ant.AntScript.execute(AntScript.java:117)
     at com.sencha.command.plugin.PluginManager.execute(PluginManager.java:104)
     at com.sencha.command.plugin.PluginManager.executeReverseFirst(PluginManager.java:145)
     at com.sencha.command.environment.BuildEnvironment.execute(BuildEnvironment.java:309)
     at com.sencha.command.environment.AppOrPackageEnvironment.execute(AppOrPackageEnvironment.java:729)
     at com.sencha.command.BasePluginCommands$BasePluginCommand.doExecute(BasePluginCommands.java:125)
     at com.sencha.command.app.AppCommands$BuildCommand.execute(AppCommands.java:470)
     at com.sencha.command.app.AppCommands$WatchCommand.execute(AppCommands.java:909)
     at java.base/jdk.internal.reflect.DirectMethodHandleAccessor.invoke(DirectMethodHandleAccessor.java:104)
     at java.base/java.lang.reflect.Method.invoke(Method.java:577)
     at com.sencha.util.MethodInvoker$Arguments.invoke(MethodInvoker.java:175)
     at com.sencha.cli.Command.dispatch(Command.java:43)
     at com.sencha.command.BasePluginCommands$BasePluginCommand.dispatch(BasePluginCommands.java:289)
     at com.sencha.cli.Commands.dispatch(Commands.java:64)
     at com.sencha.cli.Commands.dispatch(Commands.java:64)
     at com.sencha.command.Sencha.dispatch(Sencha.java:80)
     at com.sencha.command.Sencha.main(Sencha.java:151)
   Caused by: Unable to create javax script engine for javascript
     at org.apache.tools.ant.util.optional.JavaxScriptRunner.evaluateScript(JavaxScriptRunner.java:84)
     at org.apache.tools.ant.util.optional.JavaxScriptRunner.executeScript(JavaxScriptRunner.java:67)
     at org.apache.tools.ant.taskdefs.optional.Script.execute(Script.java:52)
     at org.apache.tools.ant.UnknownElement.execute(UnknownElement.java:291)
     at java.base/jdk.internal.reflect.DirectMethodHandleAccessor.invoke(DirectMethodHandleAccessor.java:104)
     at java.base/java.lang.reflect.Method.invoke(Method.java:577)
     at org.apache.tools.ant.dispatch.DispatchUtils.execute(DispatchUtils.java:106)
     at org.apache.tools.ant.Task.perform(Task.java:348)
     at org.apache.tools.ant.Target.execute(Target.java:392)
     at org.apache.tools.ant.helper.ProjectHelper2.parse(ProjectHelper2.java:180)
     at org.apache.tools.ant.ProjectHelper.configureProject(ProjectHelper.java:82)
     at org.apache.tools.ant.taskdefs.Ant.execute(Ant.java:393)
     at org.apache.tools.ant.UnknownElement.execute(UnknownElement.java:291)
     at java.base/jdk.internal.reflect.DirectMethodHandleAccessor.invoke(DirectMethodHandleAccessor.java:104)
     at java.base/java.lang.reflect.Method.invoke(Method.java:577)
     at org.apache.tools.ant.dispatch.DispatchUtils.execute(DispatchUtils.java:106)
     at org.apache.tools.ant.Task.perform(Task.java:348)
     at org.apache.tools.ant.taskdefs.Sequential.execute(Sequential.java:68)
     at net.sf.antcontrib.logic.IfTask.execute(IfTask.java:217)
     at java.base/jdk.internal.reflect.DirectMethodHandleAccessor.invoke(DirectMethodHandleAccessor.java:104)
     at java.base/java.lang.reflect.Method.invoke(Method.java:577)
     at org.apache.tools.ant.dispatch.DispatchUtils.execute(DispatchUtils.java:106)
     at org.apache.tools.ant.TaskAdapter.execute(TaskAdapter.java:154)
     at org.apache.tools.ant.UnknownElement.execute(UnknownElement.java:291)
     at java.base/jdk.internal.reflect.DirectMethodHandleAccessor.invoke(DirectMethodHandleAccessor.java:104)
     at java.base/java.lang.reflect.Method.invoke(Method.java:577)
     at org.apache.tools.ant.dispatch.DispatchUtils.execute(DispatchUtils.java:106)
     at org.apache.tools.ant.Task.perform(Task.java:348)
     at org.apache.tools.ant.Target.execute(Target.java:392)
     at org.apache.tools.ant.Target.performTasks(Target.java:413)
     at org.apache.tools.ant.Project.executeSortedTargets(Project.java:1399)
     at org.apache.tools.ant.Project.executeTarget(Project.java:1368)
     at org.apache.tools.ant.helper.DefaultExecutor.executeTargets(DefaultExecutor.java:41)
     at org.apache.tools.ant.Project.executeTargets(Project.java:1251)
     at com.sencha.ant.AntScript.execute(AntScript.java:117)
     at com.sencha.command.plugin.PluginManager.execute(PluginManager.java:104)
     at com.sencha.command.plugin.PluginManager.executeReverseFirst(PluginManager.java:145)
     at com.sencha.command.environment.BuildEnvironment.execute(BuildEnvironment.java:309)
     at com.sencha.command.environment.AppOrPackageEnvironment.execute(AppOrPackageEnvironment.java:729)
     at com.sencha.command.BasePluginCommands$BasePluginCommand.doExecute(BasePluginCommands.java:125)
     at com.sencha.command.app.AppCommands$BuildCommand.execute(AppCommands.java:470)
     at com.sencha.command.app.AppCommands$WatchCommand.execute(AppCommands.java:909)
     at java.base/jdk.internal.reflect.DirectMethodHandleAccessor.invoke(DirectMethodHandleAccessor.java:104)
     at java.base/java.lang.reflect.Method.invoke(Method.java:577)
     at com.sencha.util.MethodInvoker$Arguments.invoke(MethodInvoker.java:175)
     at com.sencha.cli.Command.dispatch(Command.java:43)
     at com.sencha.command.BasePluginCommands$BasePluginCommand.dispatch(BasePluginCommands.java:289)
     at com.sencha.cli.Commands.dispatch(Commands.java:64)
     at com.sencha.cli.Commands.dispatch(Commands.java:64)
     at com.sencha.command.Sencha.dispatch(Sencha.java:80)
     at com.sencha.command.Sencha.main(Sencha.java:151)

